/*C10*/SET SCHEMA PUBLIC
DISCONNECT
/*C11*/SET SCHEMA PUBLIC
DISCONNECT
/*C12*/SET SCHEMA PUBLIC
DISCONNECT
/*C13*/SET SCHEMA PUBLIC
DISCONNECT
/*C14*/SET SCHEMA PUBLIC
DISCONNECT
/*C15*/SET SCHEMA PUBLIC
DISCONNECT
/*C16*/SET SCHEMA PUBLIC
DISCONNECT
/*C17*/SET SCHEMA PUBLIC
DISCONNECT
/*C18*/SET SCHEMA PUBLIC
DISCONNECT
/*C19*/SET SCHEMA PUBLIC
DISCONNECT
/*C20*/SET SCHEMA PUBLIC
DISCONNECT
/*C21*/SET SCHEMA PUBLIC
DISCONNECT
/*C22*/SET SCHEMA PUBLIC
DISCONNECT
/*C23*/SET SCHEMA PUBLIC
DISCONNECT
/*C24*/SET SCHEMA PUBLIC
DISCONNECT
/*C25*/SET SCHEMA PUBLIC
DISCONNECT
/*C26*/SET SCHEMA PUBLIC
DISCONNECT
/*C27*/SET SCHEMA PUBLIC
DISCONNECT
/*C28*/SET SCHEMA PUBLIC
DISCONNECT
/*C29*/SET SCHEMA PUBLIC
DISCONNECT
/*C30*/SET SCHEMA PUBLIC
DISCONNECT
/*C31*/SET SCHEMA PUBLIC
DISCONNECT
/*C32*/SET SCHEMA PUBLIC
DISCONNECT
/*C33*/SET SCHEMA PUBLIC
DISCONNECT
/*C34*/SET SCHEMA PUBLIC
DISCONNECT
/*C35*/SET SCHEMA PUBLIC
DISCONNECT
/*C36*/SET SCHEMA PUBLIC
INSERT INTO STOCKITEM VALUES(1,'Chupa-Chups',8.00000000000000000000000000000000,5,'Test')
COMMIT
INSERT INTO STOCKITEM VALUES(2,'Lays chips',11.00000000000000000000000000000000,8,'Test')
COMMIT
INSERT INTO STOCKITEM VALUES(3,'Frankfurters',15.00000000000000000000000000000000,5,'Test')
COMMIT
INSERT INTO STOCKITEM VALUES(4,'Free Beer',0.00000000000000000000000000000000,100,'Test')
COMMIT
INSERT INTO STOCKITEM VALUES(5,'Porter',1.00000000000000000000000000000000,5,'Test')
COMMIT
INSERT INTO STOCKITEM VALUES(6,'beer6',1.00000000000000000000000000000000,5,'Test')
COMMIT
INSERT INTO STOCKITEM VALUES(7,'beer7',1.00000000000000000000000000000000,5,'Test')
COMMIT
INSERT INTO STOCKITEM VALUES(8,'beer8',1.00000000000000000000000000000000,5,'Test')
COMMIT
INSERT INTO STOCKITEM VALUES(9,'beer9',1.00000000000000000000000000000000,5,'Test')
COMMIT
INSERT INTO STOCKITEM VALUES(10,'beer10',1.00000000000000000000000000000000,5,'Test')
COMMIT
INSERT INTO STOCKITEM VALUES(11,'beer11',1.00000000000000000000000000000000,5,'Test')
COMMIT
INSERT INTO STOCKITEM VALUES(12,'beer12',1.00000000000000000000000000000000,5,'Test')
COMMIT
INSERT INTO STOCKITEM VALUES(13,'beer13',1.00000000000000000000000000000000,5,'Test')
COMMIT
INSERT INTO STOCKITEM VALUES(14,'beer14',1.00000000000000000000000000000000,5,'Test')
COMMIT
INSERT INTO STOCKITEM VALUES(15,'beer15',1.00000000000000000000000000000000,5,'Test')
COMMIT
INSERT INTO STOCKITEM VALUES(16,'beer16',1.00000000000000000000000000000000,5,'Test')
COMMIT
INSERT INTO STOCKITEM VALUES(17,'beer17',1.00000000000000000000000000000000,5,'Test')
COMMIT
INSERT INTO STOCKITEM VALUES(18,'beer18',1.00000000000000000000000000000000,5,'Test')
COMMIT
INSERT INTO STOCKITEM VALUES(19,'beer19',1.00000000000000000000000000000000,5,'Test')
COMMIT
INSERT INTO STOCKITEM VALUES(20,'beer20',1.00000000000000000000000000000000,5,'Test')
COMMIT
INSERT INTO STOCKITEM VALUES(21,'beer21',1.00000000000000000000000000000000,5,'Test')
COMMIT
DISCONNECT
/*C37*/SET SCHEMA PUBLIC
DISCONNECT
/*C38*/SET SCHEMA PUBLIC
DISCONNECT
/*C39*/SET SCHEMA PUBLIC
DISCONNECT
/*C40*/SET SCHEMA PUBLIC
DISCONNECT
/*C41*/SET SCHEMA PUBLIC
DISCONNECT
/*C42*/SET SCHEMA PUBLIC
DISCONNECT
/*C43*/SET SCHEMA PUBLIC
DISCONNECT
